<?xml version="1.0" encoding="UTF-8"?>
<!-- Generated by org.testng.reporters.JUnitReportReporter -->
<testsuite hostname="berno-PC" name="com.vchangyi.hr.server.systemsettings.ClearCache" tests="1" failures="0" timestamp="28 Dec 2016 14:02:55 GMT" time="16.075" errors="0">
  <testcase name="test_ClearCache" time="16.075" classname="com.vchangyi.hr.server.systemsettings.ClearCache"/>
</testsuite> <!-- com.vchangyi.hr.server.systemsettings.ClearCache -->
