<?xml version="1.0" encoding="UTF-8"?>
<!-- Generated by org.testng.reporters.JUnitReportReporter -->
<testsuite hostname="berno-PC" name="test.TestProfileFirefox" tests="1" failures="0" timestamp="4 Feb 2017 14:03:20 GMT" time="0.030" errors="0">
  <testcase name="test01" time="0.030" classname="test.TestProfileFirefox"/>
</testsuite> <!-- test.TestProfileFirefox -->
