<?xml version="1.0" encoding="UTF-8"?>
<!-- Generated by org.testng.reporters.JUnitReportReporter -->
<testsuite hostname="berno-PC" name="test.TestHandleIFrame" tests="1" failures="0" timestamp="11 Jan 2017 03:03:50 GMT" time="0.136" errors="0">
  <testcase name="test_01" time="0.136" classname="test.TestHandleIFrame"/>
</testsuite> <!-- test.TestHandleIFrame -->
