<?xml version="1.0" encoding="UTF-8"?>
<!-- Generated by org.testng.reporters.JUnitReportReporter -->
<testsuite hostname="berno-PC" name="test.PromptTest" tests="1" failures="0" timestamp="10 Jan 2017 09:04:06 GMT" time="3.249" errors="0">
  <testcase name="test_01" time="3.249" classname="test.PromptTest"/>
</testsuite> <!-- test.PromptTest -->
