<?xml version="1.0" encoding="UTF-8"?>
<!-- Generated by org.testng.reporters.JUnitReportReporter -->
<testsuite hostname="berno-PC" name="test.AlertTest" tests="1" failures="0" timestamp="10 Jan 2017 08:21:56 GMT" time="3.240" errors="0">
  <testcase name="test_01" time="3.240" classname="test.AlertTest"/>
</testsuite> <!-- test.AlertTest -->
