<?xml version="1.0" encoding="UTF-8"?>
<!-- Generated by org.testng.reporters.JUnitReportReporter -->
<testsuite hostname="berno-PC" name="test.ProPertyDemo" tests="1" failures="0" timestamp="20 Jan 2017 12:51:31 GMT" time="3.089" errors="0">
  <testcase name="test01" time="3.089" classname="test.ProPertyDemo"/>
</testsuite> <!-- test.ProPertyDemo -->
