<?xml version="1.0" encoding="UTF-8"?>
<!-- Generated by org.testng.reporters.JUnitReportReporter -->
<testsuite hostname="berno-PC" name="test.TestLog4j" tests="1" failures="0" timestamp="13 Feb 2017 02:42:00 GMT" time="5.792" errors="0">
  <testcase name="testLog4j" time="5.792" classname="test.TestLog4j"/>
</testsuite> <!-- test.TestLog4j -->
