<?xml version="1.0" encoding="UTF-8"?>
<!-- Generated by org.testng.reporters.JUnitReportReporter -->
<testsuite hostname="berno-PC" name="test.TestUploadFile" tests="1" failures="0" timestamp="4 Feb 2017 00:39:27 GMT" time="6.208" errors="0">
  <testcase name="test_01" time="6.208" classname="test.TestUploadFile"/>
</testsuite> <!-- test.TestUploadFile -->
