<?xml version="1.0" encoding="UTF-8"?>
<!-- Generated by org.testng.reporters.JUnitReportReporter -->
<testsuite hostname="berno-PC" name="test.TestHandleFrame" tests="1" failures="0" timestamp="11 Jan 2017 02:25:22 GMT" time="0.271" errors="0">
  <testcase name="test_01" time="0.271" classname="test.TestHandleFrame"/>
</testsuite> <!-- test.TestHandleFrame -->
