<?xml version="1.0" encoding="UTF-8"?>
<!-- Generated by org.testng.reporters.JUnitReportReporter -->
<testsuite hostname="berno-PC" name="test.TestUploadFileAutoIt" tests="1" failures="0" timestamp="4 Feb 2017 01:19:58 GMT" time="10.543" errors="0">
  <testcase name="testUploadFile" time="10.543" classname="test.TestUploadFileAutoIt"/>
</testsuite> <!-- test.TestUploadFileAutoIt -->
