<?xml version="1.0" encoding="UTF-8"?>
<!-- Generated by org.testng.reporters.JUnitReportReporter -->
<testsuite hostname="berno-PC" name="test.TestFailCaptureScreen" tests="1" failures="0" timestamp="10 Feb 2017 01:17:25 GMT" time="2.721" errors="0">
  <testcase name="test_01" time="2.721" classname="test.TestFailCaptureScreen"/>
</testsuite> <!-- test.TestFailCaptureScreen -->
