<?xml version="1.0" encoding="UTF-8"?>
<!-- Generated by org.testng.reporters.JUnitReportReporter -->
<testsuite hostname="berno-PC" name="test.TestJavaScriptExecutor" tests="1" failures="0" timestamp="11 Jan 2017 10:17:12 GMT" time="1.472" errors="0">
  <testcase name="test_01" time="1.472" classname="test.TestJavaScriptExecutor"/>
</testsuite> <!-- test.TestJavaScriptExecutor -->
