<?xml version="1.0" encoding="UTF-8"?>
<!-- Generated by org.testng.reporters.JUnitReportReporter -->
<testsuite hostname="berno-PC" name="test.TestAjaxDemo" tests="1" failures="0" timestamp="12 Jan 2017 02:48:58 GMT" time="2.721" errors="0">
  <testcase name="test_01" time="2.721" classname="test.TestAjaxDemo"/>
</testsuite> <!-- test.TestAjaxDemo -->
