<?xml version="1.0" encoding="UTF-8"?>
<!-- Generated by org.testng.reporters.JUnitReportReporter -->
<testsuite hostname="berno-PC" name="test.TestHighLightWebElement" tests="1" failures="0" timestamp="8 Feb 2017 01:01:32 GMT" time="3.209" errors="0">
  <testcase name="test_01" time="3.209" classname="test.TestHighLightWebElement"/>
</testsuite> <!-- test.TestHighLightWebElement -->
