<?xml version="1.0" encoding="UTF-8"?>
<!-- Generated by org.testng.reporters.JUnitReportReporter -->
<testsuite name="test.TestCookie" tests="1" time="18.382" ignored="0" failures="0" timestamp="28 三月 2017 12:36:46 GMT" skipped="0" hostname="gengyutaodeMacBook-Pro.local" errors="0">
  <testcase name="test_01" time="18.382" classname="test.TestCookie"/>
</testsuite> <!-- test.TestCookie -->
