<?xml version="1.0" encoding="UTF-8"?>
<!-- Generated by org.testng.reporters.JUnitReportReporter -->
<testsuite hostname="berno-PC" name="test.TestRobot" tests="1" failures="0" timestamp="6 Feb 2017 13:34:00 GMT" time="6.151" errors="0">
  <testcase name="testRobot" time="6.151" classname="test.TestRobot"/>
</testsuite> <!-- test.TestRobot -->
